{
  "RSpec": {
    "coverage": {
      "C:/Users/jaust/Documents/GitHub/cs3300/app/helpers/application_helper.rb": {
        "lines": [
          1,
          null
        ],
        "branches": {
        }
      },
      "C:/Users/jaust/Documents/GitHub/cs3300/app/helpers/pojects_helper.rb": {
        "lines": [
          1,
          null
        ],
        "branches": {
        }
      },
      "C:/Users/jaust/Documents/GitHub/cs3300/app/helpers/project_pages_helper.rb": {
        "lines": [
          1,
          null
        ],
        "branches": {
        }
      },
      "C:/Users/jaust/Documents/GitHub/cs3300/app/helpers/projects_helper.rb": {
        "lines": [
          1,
          null
        ],
        "branches": {
        }
      },
      "C:/Users/jaust/Documents/GitHub/cs3300/app/controllers/projects_controller.rb": {
        "lines": [
          1,
          1,
          null,
          null,
          1,
          0,
          null,
          null,
          null,
          1,
          null,
          null,
          null,
          1,
          0,
          null,
          null,
          null,
          1,
          null,
          null,
          null,
          1,
          0,
          null,
          0,
          0,
          0,
          0,
          null,
          0,
          0,
          null,
          null,
          null,
          null,
          null,
          1,
          0,
          0,
          0,
          0,
          null,
          0,
          0,
          null,
          null,
          null,
          null,
          null,
          1,
          0,
          0,
          0,
          0,
          null,
          null,
          null,
          1,
          null,
          1,
          0,
          null,
          null,
          null,
          1,
          0,
          null,
          null
        ],
        "branches": {
          "[:if, 0, 27, 6, 33, 9]": {
            "[:then, 1, 28, 8, 29, 74]": 0,
            "[:else, 2, 31, 8, 32, 83]": 0
          },
          "[:if, 3, 40, 6, 46, 9]": {
            "[:then, 4, 41, 8, 42, 69]": 0,
            "[:else, 5, 44, 8, 45, 83]": 0
          }
        }
      },
      "C:/Users/jaust/Documents/GitHub/cs3300/app/controllers/application_controller.rb": {
        "lines": [
          1,
          null
        ],
        "branches": {
        }
      },
      "C:/Users/jaust/Documents/GitHub/cs3300/app/models/project.rb": {
        "lines": [
          1,
          1,
          null
        ],
        "branches": {
        }
      },
      "C:/Users/jaust/Documents/GitHub/cs3300/app/models/application_record.rb": {
        "lines": [
          1,
          1,
          null
        ],
        "branches": {
        }
      },
      "C:/Users/jaust/Documents/GitHub/cs3300/app/channels/application_cable/channel.rb": {
        "lines": [
          0,
          0,
          0,
          0
        ],
        "branches": {
        }
      },
      "C:/Users/jaust/Documents/GitHub/cs3300/app/channels/application_cable/connection.rb": {
        "lines": [
          0,
          0,
          0,
          0
        ],
        "branches": {
        }
      },
      "C:/Users/jaust/Documents/GitHub/cs3300/app/controllers/pojects_controller.rb": {
        "lines": [
          0,
          0,
          null,
          null,
          0,
          0,
          0,
          null,
          null,
          0,
          0,
          null,
          null,
          0,
          0,
          0,
          null,
          null,
          0,
          0,
          null,
          null,
          0,
          0,
          null,
          0,
          0,
          0,
          0,
          0,
          0,
          0,
          0,
          0,
          0,
          null,
          null,
          0,
          0,
          0,
          0,
          0,
          0,
          0,
          0,
          0,
          0,
          0,
          null,
          null,
          0,
          0,
          0,
          0,
          0,
          0,
          0,
          null,
          0,
          null,
          0,
          0,
          0,
          null,
          null,
          0,
          0,
          0,
          0
        ],
        "branches": {
        }
      },
      "C:/Users/jaust/Documents/GitHub/cs3300/app/controllers/project_pages_controller.rb": {
        "lines": [
          0,
          0,
          null,
          null,
          0,
          0,
          0,
          null,
          null,
          0,
          0,
          null,
          null,
          0,
          0,
          0,
          null,
          null,
          0,
          0,
          null,
          null,
          0,
          0,
          null,
          0,
          0,
          0,
          0,
          0,
          0,
          0,
          0,
          0,
          0,
          null,
          null,
          0,
          0,
          0,
          0,
          0,
          0,
          0,
          0,
          0,
          0,
          0,
          null,
          null,
          0,
          0,
          0,
          0,
          0,
          0,
          0,
          null,
          0,
          null,
          0,
          0,
          0,
          null,
          null,
          0,
          0,
          0,
          0
        ],
        "branches": {
        }
      },
      "C:/Users/jaust/Documents/GitHub/cs3300/app/jobs/application_job.rb": {
        "lines": [
          0,
          null,
          null,
          null,
          null,
          null,
          0
        ],
        "branches": {
        }
      },
      "C:/Users/jaust/Documents/GitHub/cs3300/app/mailers/application_mailer.rb": {
        "lines": [
          0,
          0,
          0,
          0
        ],
        "branches": {
        }
      }
    },
    "timestamp": 1619743340
  }
}
