{
  "RSpec": {
    "coverage": {
      "C:/Users/jaust/Documents/GitHub/cs3300/app/models/user.rb": {
        "lines": [
          1,
          null,
          null,
          1,
          null,
          null
        ],
        "branches": {
        }
      },
      "C:/Users/jaust/Documents/GitHub/cs3300/app/models/application_record.rb": {
        "lines": [
          1,
          1,
          null
        ],
        "branches": {
        }
      },
      "C:/Users/jaust/Documents/GitHub/cs3300/app/models/model.rb": {
        "lines": [
          1,
          null,
          null,
          1,
          null,
          null,
          null,
          null
        ],
        "branches": {
        }
      },
      "C:/Users/jaust/Documents/GitHub/cs3300/app/helpers/application_helper.rb": {
        "lines": [
          1,
          null
        ],
        "branches": {
        }
      },
      "C:/Users/jaust/Documents/GitHub/cs3300/app/helpers/pojects_helper.rb": {
        "lines": [
          1,
          null
        ],
        "branches": {
        }
      },
      "C:/Users/jaust/Documents/GitHub/cs3300/app/helpers/project_pages_helper.rb": {
        "lines": [
          1,
          null
        ],
        "branches": {
        }
      },
      "C:/Users/jaust/Documents/GitHub/cs3300/app/helpers/projects_helper.rb": {
        "lines": [
          1,
          null
        ],
        "branches": {
        }
      },
      "C:/Users/jaust/Documents/GitHub/cs3300/app/channels/application_cable/channel.rb": {
        "lines": [
          0,
          0,
          0,
          0
        ],
        "branches": {
        }
      },
      "C:/Users/jaust/Documents/GitHub/cs3300/app/channels/application_cable/connection.rb": {
        "lines": [
          0,
          0,
          0,
          0
        ],
        "branches": {
        }
      },
      "C:/Users/jaust/Documents/GitHub/cs3300/app/controllers/application_controller.rb": {
        "lines": [
          0,
          0
        ],
        "branches": {
        }
      },
      "C:/Users/jaust/Documents/GitHub/cs3300/app/controllers/projects_controller.rb": {
        "lines": [
          0,
          0,
          null,
          null,
          0,
          0,
          0,
          null,
          null,
          0,
          0,
          null,
          null,
          0,
          0,
          0,
          null,
          null,
          0,
          0,
          null,
          null,
          0,
          0,
          null,
          0,
          0,
          0,
          0,
          0,
          0,
          0,
          0,
          0,
          0,
          null,
          null,
          0,
          0,
          0,
          0,
          0,
          0,
          0,
          0,
          0,
          0,
          0,
          null,
          null,
          0,
          0,
          0,
          0,
          0,
          0,
          0,
          null,
          0,
          null,
          0,
          0,
          0,
          null,
          null,
          0,
          0,
          0,
          0
        ],
        "branches": {
        }
      },
      "C:/Users/jaust/Documents/GitHub/cs3300/app/jobs/application_job.rb": {
        "lines": [
          0,
          null,
          null,
          null,
          null,
          null,
          0
        ],
        "branches": {
        }
      },
      "C:/Users/jaust/Documents/GitHub/cs3300/app/mailers/application_mailer.rb": {
        "lines": [
          0,
          0,
          0,
          0
        ],
        "branches": {
        }
      },
      "C:/Users/jaust/Documents/GitHub/cs3300/app/models/project.rb": {
        "lines": [
          0,
          0,
          0
        ],
        "branches": {
        }
      },
      "C:/Users/jaust/Documents/GitHub/cs3300/app/models/projects.rb": {
        "lines": [
          0,
          0,
          null,
          0,
          null,
          0,
          null,
          0
        ],
        "branches": {
        }
      }
    },
    "timestamp": 1620059138
  }
}
